;  LST file generated by mikroListExporter - v.2.0 
; Date/Time: 27.04.2022 16:50:23
;----------------------------------------------

;Address Opcode 	ASM
0x0000	0xF002EF65  	GOTO        1226
0x0004	0x0000      	NOP
0x0006	0x0000      	NOP
0x0008	0xF000EF00  	GOTO        0
0x000C	0x0000      	NOP
0x000E	0x0000      	NOP
0x0010	0x0000      	NOP
0x0012	0x0000      	NOP
0x0014	0x0000      	NOP
0x0016	0x0000      	NOP
0x0018	0xD7F3      	BRA         0
_RES032:
;__Lib_MathDouble.c,128 :: 		
;__Lib_MathDouble.c,134 :: 		
0x001C	0x6A02      	CLRF        R2, 0
;__Lib_MathDouble.c,135 :: 		
0x001E	0x6A01      	CLRF        R1, 0
;__Lib_MathDouble.c,136 :: 		
0x0020	0x6A00      	CLRF        R0, 0
;__Lib_MathDouble.c,137 :: 		
0x0022	0x6A08      	CLRF        R8, 0
;__Lib_MathDouble.c,138 :: 		
0x0024	0x6A03      	CLRF        R3, 0
;__Lib_MathDouble.c,139 :: 		
0x0026	0x0E00      	MOVLW       0
;__Lib_MathDouble.c,141 :: 		
L_end_RES032:
0x0028	0x0012      	RETURN      0
; end of _RES032
_SETFUN32:
;__Lib_MathDouble.c,144 :: 		
;__Lib_MathDouble.c,152 :: 		
0x002A	0x840B      	BSF         R11, 2, 0
;__Lib_MathDouble.c,153 :: 		
0x002C	0xAE0B      	BTFSS       R11, 7, 0
;__Lib_MathDouble.c,154 :: 		
0x002E	0xF000EF20  	GOTO        SETFUN32EEE
;__Lib_MathDouble.c,156 :: 		
0x0032	0x0E01      	MOVLW       1
;__Lib_MathDouble.c,157 :: 		
0x0034	0x6E03      	MOVWF       R3, 0
;__Lib_MathDouble.c,158 :: 		
0x0036	0x6A02      	CLRF        R2, 0
;__Lib_MathDouble.c,159 :: 		
0x0038	0x6A01      	CLRF        R1, 0
;__Lib_MathDouble.c,160 :: 		
0x003A	0x6A00      	CLRF        R0, 0
;__Lib_MathDouble.c,161 :: 		
0x003C	0x360A      	RLCF        R10, 1, 0
;__Lib_MathDouble.c,162 :: 		
0x003E	0x3202      	RRCF        R2, 1, 0
;__Lib_MathDouble.c,163 :: 		
SETFUN32EEE:
;__Lib_MathDouble.c,164 :: 		
0x0040	0x0EFF      	MOVLW       255
;__Lib_MathDouble.c,166 :: 		
L_end_SETFUN32:
0x0042	0x0012      	RETURN      0
; end of _SETFUN32
_FIXSIGN32:
;__Lib_MathDouble.c,117 :: 		
;__Lib_MathDouble.c,121 :: 		
0x0044	0xAE0A      	BTFSS       R10, 7, 0
;__Lib_MathDouble.c,122 :: 		
0x0046	0x9E02      	BCF         R2, 7, 0
;__Lib_MathDouble.c,123 :: 		
0x0048	0x0E00      	MOVLW       0
;__Lib_MathDouble.c,125 :: 		
L_end_FIXSIGN32:
0x004A	0x0012      	RETURN      0
; end of _FIXSIGN32
_Mul_16X16_U:
;__Lib_Math.c,440 :: 		
;__Lib_Math.c,447 :: 		
0x004C	0x6A0B      	CLRF        R11, 0
;__Lib_Math.c,448 :: 		
0x004E	0x6A0A      	CLRF        R10, 0
;__Lib_Math.c,449 :: 		
0x0050	0x6A09      	CLRF        R9, 0
;__Lib_Math.c,450 :: 		
0x0052	0x5000      	MOVF        R0, 0, 0
;__Lib_Math.c,451 :: 		
0x0054	0x0204      	MULWF       R4, 0
;__Lib_Math.c,453 :: 		
0x0056	0xF009CFF4  	MOVFF       PRODH, R9
;__Lib_Math.c,454 :: 		
0x005A	0xF008CFF3  	MOVFF       PRODL, R8
;__Lib_Math.c,455 :: 		
0x005E	0x5001      	MOVF        R1, 0, 0
;__Lib_Math.c,456 :: 		
0x0060	0x0205      	MULWF       R5, 0
;__Lib_Math.c,458 :: 		
0x0062	0xF00BCFF4  	MOVFF       PRODH, R11
;__Lib_Math.c,459 :: 		
0x0066	0xF00ACFF3  	MOVFF       PRODL, R10
;__Lib_Math.c,460 :: 		
0x006A	0x5000      	MOVF        R0, 0, 0
;__Lib_Math.c,461 :: 		
0x006C	0x0205      	MULWF       R5, 0
;__Lib_Math.c,463 :: 		
0x006E	0x50F3      	MOVF        PRODL, 0, 0
;__Lib_Math.c,464 :: 		
0x0070	0x2609      	ADDWF       R9, 1, 0
;__Lib_Math.c,465 :: 		
0x0072	0x50F4      	MOVF        PRODH, 0, 0
;__Lib_Math.c,466 :: 		
0x0074	0x220A      	ADDWFC      R10, 1, 0
;__Lib_Math.c,467 :: 		
0x0076	0x6AE8      	CLRF        WREG, 0
;__Lib_Math.c,468 :: 		
0x0078	0x220B      	ADDWFC      R11, 1, 0
;__Lib_Math.c,469 :: 		
0x007A	0x5001      	MOVF        R1, 0, 0
;__Lib_Math.c,470 :: 		
0x007C	0x0204      	MULWF       R4, 0
;__Lib_Math.c,472 :: 		
0x007E	0x50F3      	MOVF        PRODL, 0, 0
;__Lib_Math.c,473 :: 		
0x0080	0x2609      	ADDWF       R9, 1, 0
;__Lib_Math.c,474 :: 		
0x0082	0x50F4      	MOVF        PRODH, 0, 0
;__Lib_Math.c,475 :: 		
0x0084	0x220A      	ADDWFC      R10, 1, 0
;__Lib_Math.c,476 :: 		
0x0086	0x6AE8      	CLRF        WREG, 0
;__Lib_Math.c,477 :: 		
0x0088	0x220B      	ADDWFC      R11, 1, 0
;__Lib_Math.c,479 :: 		
0x008A	0xF000C008  	MOVFF       R8, R0
;__Lib_Math.c,480 :: 		
0x008E	0xF001C009  	MOVFF       R9, R1
;__Lib_Math.c,481 :: 		
0x0092	0xF002C00A  	MOVFF       R10, R2
;__Lib_Math.c,482 :: 		
0x0096	0xF003C00B  	MOVFF       R11, R3
;__Lib_Math.c,485 :: 		
L_end_Mul_16X16_U:
0x009A	0x0012      	RETURN      0
; end of _Mul_16X16_U
_Delay_22us:
;__Lib_Delays.c,15 :: 		void Delay_22us() {
;__Lib_Delays.c,16 :: 		Delay_us(22);
0x009C	0x0E0E      	MOVLW       14
0x009E	0x6E0D      	MOVWF       R13, 0
L_Delay_22us1:
0x00A0	0x2E0D      	DECFSZ      R13, 1, 0
0x00A2	0xD7FE      	BRA         L_Delay_22us1
0x00A4	0x0000      	NOP
;__Lib_Delays.c,17 :: 		}
L_end_Delay_22us:
0x00A6	0x0012      	RETURN      0
; end of _Delay_22us
_NRM3232:
;__Lib_MathDouble.c,455 :: 		
;__Lib_MathDouble.c,463 :: 		
0x00A8	0x6A0C      	CLRF        R12, 0
;__Lib_MathDouble.c,464 :: 		
0x00AA	0x6A0E      	CLRF        R14, 0
;__Lib_MathDouble.c,465 :: 		
0x00AC	0x5002      	MOVF        R2, 0, 0
;__Lib_MathDouble.c,466 :: 		
0x00AE	0xA4D8      	BTFSS       STATUS, 2, 0
;__Lib_MathDouble.c,467 :: 		
0x00B0	0xF000EF6D  	GOTO        NORM3232
;__Lib_MathDouble.c,468 :: 		
0x00B4	0xF002C001  	MOVFF       R1, R2
;__Lib_MathDouble.c,469 :: 		
0x00B8	0xF001C000  	MOVFF       R0, R1
;__Lib_MathDouble.c,470 :: 		
0x00BC	0x6A00      	CLRF        R0, 0
;__Lib_MathDouble.c,471 :: 		
0x00BE	0x860E      	BSF         R14, 3, 0
;__Lib_MathDouble.c,473 :: 		
0x00C0	0x5002      	MOVF        R2, 0, 0
;__Lib_MathDouble.c,474 :: 		
0x00C2	0xA4D8      	BTFSS       STATUS, 2, 0
;__Lib_MathDouble.c,475 :: 		
0x00C4	0xF000EF6D  	GOTO        NORM3232
;__Lib_MathDouble.c,476 :: 		
0x00C8	0xF002C001  	MOVFF       R1, R2
;__Lib_MathDouble.c,477 :: 		
0x00CC	0x6A01      	CLRF        R1, 0
;__Lib_MathDouble.c,478 :: 		
0x00CE	0x960E      	BCF         R14, 3, 0
;__Lib_MathDouble.c,479 :: 		
0x00D0	0x880E      	BSF         R14, 4, 0
;__Lib_MathDouble.c,481 :: 		
0x00D2	0x5002      	MOVF        R2, 0, 0
;__Lib_MathDouble.c,482 :: 		
0x00D4	0xB4D8      	BTFSC       STATUS, 2, 0
;__Lib_MathDouble.c,483 :: 		
0x00D6	0xF000EF7F  	GOTO        JPNRES032
;__Lib_MathDouble.c,484 :: 		
NORM3232:
;__Lib_MathDouble.c,485 :: 		
0x00DA	0x500E      	MOVF        R14, 0, 0
;__Lib_MathDouble.c,486 :: 		
0x00DC	0x5E03      	SUBWF       R3, 1, 0
;__Lib_MathDouble.c,487 :: 		
0x00DE	0xA4D8      	BTFSS       STATUS, 2, 0
;__Lib_MathDouble.c,488 :: 		
0x00E0	0xA0D8      	BTFSS       STATUS, 0, 0
;__Lib_MathDouble.c,489 :: 		
0x00E2	0xF000EF84  	GOTO        JPNSETFUN32
;__Lib_MathDouble.c,490 :: 		
0x00E6	0x90D8      	BCF         STATUS, 0, 0
;__Lib_MathDouble.c,491 :: 		
NORM3232A:
;__Lib_MathDouble.c,492 :: 		
0x00E8	0xBE02      	BTFSC       R2, 7, 0
;__Lib_MathDouble.c,493 :: 		
0x00EA	0xF000EF89  	GOTO        JMPNFIXSIGN32
;__Lib_MathDouble.c,494 :: 		
0x00EE	0x3600      	RLCF        R0, 1, 0
;__Lib_MathDouble.c,495 :: 		
0x00F0	0x3601      	RLCF        R1, 1, 0
;__Lib_MathDouble.c,496 :: 		
0x00F2	0x3602      	RLCF        R2, 1, 0
;__Lib_MathDouble.c,497 :: 		
0x00F4	0x2E03      	DECFSZ      R3, 1, 0
;__Lib_MathDouble.c,498 :: 		
0x00F6	0xF000EF74  	GOTO        NORM3232A
;__Lib_MathDouble.c,499 :: 		
0x00FA	0xF000EF84  	GOTO        JPNSETFUN32
;__Lib_MathDouble.c,500 :: 		
JPNRES032:
;__Lib_MathDouble.c,501 :: 		
0x00FE	0x0E01      	MOVLW       1
;__Lib_MathDouble.c,502 :: 		
0x0100	0x6E0C      	MOVWF       R12, 0
;__Lib_MathDouble.c,504 :: 		
0x0102	0xDF8C      	RCALL       _RES032
;__Lib_MathDouble.c,506 :: 		
0x0104	0xF000EF8C  	GOTO        NORM32EEE
;__Lib_MathDouble.c,507 :: 		
JPNSETFUN32:
;__Lib_MathDouble.c,508 :: 		
0x0108	0x0E02      	MOVLW       2
;__Lib_MathDouble.c,509 :: 		
0x010A	0x6E0C      	MOVWF       R12, 0
;__Lib_MathDouble.c,511 :: 		
0x010C	0xDF8E      	RCALL       _SETFUN32
;__Lib_MathDouble.c,513 :: 		
0x010E	0xF000EF8C  	GOTO        NORM32EEE
;__Lib_MathDouble.c,514 :: 		
JMPNFIXSIGN32:
;__Lib_MathDouble.c,515 :: 		
0x0112	0x0E04      	MOVLW       4
;__Lib_MathDouble.c,516 :: 		
0x0114	0x6E0C      	MOVWF       R12, 0
;__Lib_MathDouble.c,518 :: 		
0x0116	0xDF96      	RCALL       _FIXSIGN32
;__Lib_MathDouble.c,520 :: 		
NORM32EEE:
;__Lib_MathDouble.c,527 :: 		
L_end_NRM3232:
0x0118	0x0012      	RETURN      0
; end of _NRM3232
_SETFOV32:
;__Lib_MathDouble.c,82 :: 		
;__Lib_MathDouble.c,90 :: 		
0x011A	0x820B      	BSF         R11, 1, 0
;__Lib_MathDouble.c,91 :: 		
0x011C	0xAE0B      	BTFSS       R11, 7, 0
;__Lib_MathDouble.c,92 :: 		
0x011E	0xF000EF97  	GOTO        SETFOV32EEE
;__Lib_MathDouble.c,94 :: 		
0x0122	0x6803      	SETF        R3, 0
;__Lib_MathDouble.c,95 :: 		
0x0124	0x6802      	SETF        R2, 0
;__Lib_MathDouble.c,96 :: 		
0x0126	0x6801      	SETF        R1, 0
;__Lib_MathDouble.c,97 :: 		
0x0128	0x6800      	SETF        R0, 0
;__Lib_MathDouble.c,98 :: 		
0x012A	0x360A      	RLCF        R10, 1, 0
;__Lib_MathDouble.c,99 :: 		
0x012C	0x3202      	RRCF        R2, 1, 0
;__Lib_MathDouble.c,100 :: 		
SETFOV32EEE:
;__Lib_MathDouble.c,101 :: 		
0x012E	0x0EFF      	MOVLW       255
;__Lib_MathDouble.c,103 :: 		
L_end_SETFOV32:
0x0130	0x0012      	RETURN      0
; end of _SETFOV32
_SETIOV3224:
;__Lib_MathDouble.c,530 :: 		
;__Lib_MathDouble.c,537 :: 		
0x0132	0x800B      	BSF         R11, 0, 0
;__Lib_MathDouble.c,538 :: 		
0x0134	0xAE0B      	BTFSS       R11, 7, 0
;__Lib_MathDouble.c,539 :: 		
0x0136	0xF000EFA5  	GOTO        SETIOV3224EEE
;__Lib_MathDouble.c,541 :: 		
0x013A	0x6A02      	CLRF        R2, 0
;__Lib_MathDouble.c,542 :: 		
0x013C	0xAE0A      	BTFSS       R10, 7, 0
;__Lib_MathDouble.c,543 :: 		
0x013E	0x0EFF      	MOVLW       255
;__Lib_MathDouble.c,544 :: 		
0x0140	0x6E02      	MOVWF       R2, 0
;__Lib_MathDouble.c,545 :: 		
0x0142	0x6E01      	MOVWF       R1, 0
;__Lib_MathDouble.c,546 :: 		
0x0144	0x6E00      	MOVWF       R0, 0
;__Lib_MathDouble.c,547 :: 		
0x0146	0x360A      	RLCF        R10, 1, 0
;__Lib_MathDouble.c,548 :: 		
0x0148	0x3202      	RRCF        R2, 1, 0
;__Lib_MathDouble.c,549 :: 		
SETIOV3224EEE:
;__Lib_MathDouble.c,550 :: 		
0x014A	0x0EFF      	MOVLW       255
;__Lib_MathDouble.c,552 :: 		
L_end_SETIOV3224:
0x014C	0x0012      	RETURN      0
; end of _SETIOV3224
_SETFDZ32:
;__Lib_MathDouble.c,106 :: 		
;__Lib_MathDouble.c,110 :: 		
0x014E	0x6A0B      	CLRF        R11, 0
;__Lib_MathDouble.c,111 :: 		
0x0150	0x860B      	BSF         R11, 3, 0
;__Lib_MathDouble.c,112 :: 		
0x0152	0x0EFF      	MOVLW       255
;__Lib_MathDouble.c,114 :: 		
L_end_SETFDZ32:
0x0154	0x0012      	RETURN      0
; end of _SETFDZ32
_PWM4_Set_Duty:
;__Lib_PWM_b5d1e2.c,38 :: 		
;__Lib_PWM_b5d1e2.c,42 :: 		
0x0156	0x50BB      	MOVF        PR2, 0 
0x0158	0x0F01      	ADDLW       1
0x015A	0x6E00      	MOVWF       R0 
0x015C	0x6A01      	CLRF        R1 
0x015E	0x0E00      	MOVLW       0
0x0160	0x2201      	ADDWFC      R1, 1 
0x0162	0xF004C040  	MOVFF       FARG_PWM4_Set_Duty_new_duty, R4
0x0166	0x0E00      	MOVLW       0
0x0168	0x6E05      	MOVWF       R5 
0x016A	0xDF70      	RCALL       _Mul_16X16_U
0x016C	0x0E06      	MOVLW       6
0x016E	0x6E02      	MOVWF       R2 
0x0170	0xF004C000  	MOVFF       R0, R4
0x0174	0xF005C001  	MOVFF       R1, R5
0x0178	0x5002      	MOVF        R2, 0 
L__PWM4_Set_Duty10:
0x017A	0xE005      	BZ          L__PWM4_Set_Duty11
0x017C	0x3205      	RRCF        R5, 1 
0x017E	0x3204      	RRCF        R4, 1 
0x0180	0x9E05      	BCF         R5, 7 
0x0182	0x0FFF      	ADDLW       255
0x0184	0xD7FA      	BRA         L__PWM4_Set_Duty10
L__PWM4_Set_Duty11:
;__Lib_PWM_b5d1e2.c,43 :: 		
0x0186	0x0E04      	MOVLW       4
0x0188	0x6E01      	MOVWF       R1 
0x018A	0xF000C004  	MOVFF       R4, R0
0x018E	0x5001      	MOVF        R1, 0 
L__PWM4_Set_Duty12:
0x0190	0xE004      	BZ          L__PWM4_Set_Duty13
0x0192	0x3600      	RLCF        R0, 1 
0x0194	0x9000      	BCF         R0, 0 
0x0196	0x0FFF      	ADDLW       255
0x0198	0xD7FB      	BRA         L__PWM4_Set_Duty12
L__PWM4_Set_Duty13:
0x019A	0x0E30      	MOVLW       48
0x019C	0x1400      	ANDWF       R0, 0 
0x019E	0x6E03      	MOVWF       R3 
;__Lib_PWM_b5d1e2.c,44 :: 		
0x01A0	0xF000C004  	MOVFF       R4, R0
0x01A4	0xF001C005  	MOVFF       R5, R1
0x01A8	0x3201      	RRCF        R1, 1 
0x01AA	0x3200      	RRCF        R0, 1 
0x01AC	0x9E01      	BCF         R1, 7 
0x01AE	0x3201      	RRCF        R1, 1 
0x01B0	0x3200      	RRCF        R0, 1 
0x01B2	0x9E01      	BCF         R1, 7 
0x01B4	0xFF58C000  	MOVFF       R0, CCPR4L
;__Lib_PWM_b5d1e2.c,45 :: 		
0x01B8	0x0E0F      	MOVLW       15
0x01BA	0x010F      	MOVLB       15
0x01BC	0x1757      	ANDWF       CCP4CON, 1, 1
;__Lib_PWM_b5d1e2.c,46 :: 		
0x01BE	0x5003      	MOVF        R3, 0 
0x01C0	0x1357      	IORWF       CCP4CON, 1, 1
;__Lib_PWM_b5d1e2.c,47 :: 		
L_end_PWM4_Set_Duty:
0x01C2	0x0012      	RETURN      0
; end of _PWM4_Set_Duty
_PWM4_Start:
;__Lib_PWM_b5d1e2.c,49 :: 		
;__Lib_PWM_b5d1e2.c,50 :: 		
0x01C4	0x9295      	BCF         TRISD1_bit, BitPos(TRISD1_bit+0) 
;__Lib_PWM_b5d1e2.c,51 :: 		
0x01C6	0x84BA      	BSF         T2CON, 2 
;__Lib_PWM_b5d1e2.c,52 :: 		
0x01C8	0x0E0C      	MOVLW       12
0x01CA	0x010F      	MOVLB       15
0x01CC	0x1357      	IORWF       CCP4CON, 1, 1
;__Lib_PWM_b5d1e2.c,53 :: 		
L_end_PWM4_Start:
0x01CE	0x0012      	RETURN      0
; end of _PWM4_Start
___CC2DW:
;__Lib_System.c,21 :: 		
;__Lib_System.c,23 :: 		
_CC2DL_Loop1:
;__Lib_System.c,24 :: 		
0x01D0	0x0009      	TBLRD*+
;__Lib_System.c,25 :: 		
0x01D2	0xFFE6CFF5  	MOVFF       TABLAT, POSTINC1
;__Lib_System.c,26 :: 		
0x01D6	0x0600      	DECF        R0, 1, 0
;__Lib_System.c,27 :: 		
0x01D8	0xE1FB      	BNZ         _CC2DL_Loop1
;__Lib_System.c,28 :: 		
0x01DA	0x0601      	DECF        R1, 1, 0
;__Lib_System.c,29 :: 		
0x01DC	0xE1F9      	BNZ         _CC2DL_Loop1
;__Lib_System.c,31 :: 		
L_end___CC2DW:
0x01DE	0x0012      	RETURN      0
; end of ___CC2DW
_PWM4_Init:
;__Lib_PWM_b5d1e2.c,31 :: 		
;__Lib_PWM_b5d1e2.c,32 :: 		
;__Lib_PWM_b5d1e2.c,33 :: 		
0x01E0	0x010F      	MOVLB       15
0x01E2	0x6B58      	CLRF        CCPR4L, 1
;__Lib_PWM_b5d1e2.c,34 :: 		
0x01E4	0x9957      	BCF         CCP4CON, 4, 1
;__Lib_PWM_b5d1e2.c,35 :: 		
0x01E6	0x9B57      	BCF         CCP4CON, 5, 1
;__Lib_PWM_b5d1e2.c,36 :: 		
L_end_PWM4_Init:
0x01E8	0x0012      	RETURN      0
; end of _PWM4_Init
_double2int:
;__Lib_MathDouble.c,1897 :: 		
;__Lib_MathDouble.c,1906 :: 		
0x01EA	0x6A0B      	CLRF        R11, 0
;__Lib_MathDouble.c,1907 :: 		
0x01EC	0x5003      	MOVF        R3, 0, 0
;__Lib_MathDouble.c,1908 :: 		
0x01EE	0xB4D8      	BTFSC       STATUS, 2, 0
;__Lib_MathDouble.c,1909 :: 		
0x01F0	0xF001EF3B  	GOTO        IRES016
;__Lib_MathDouble.c,1910 :: 		
0x01F4	0x5002      	MOVF        R2, 0, 0
;__Lib_MathDouble.c,1911 :: 		
0x01F6	0x6E0A      	MOVWF       R10, 0
;__Lib_MathDouble.c,1912 :: 		
0x01F8	0x8E02      	BSF         R2, 7, 0
;__Lib_MathDouble.c,1914 :: 		
0x01FA	0x0E8E      	MOVLW       142
;__Lib_MathDouble.c,1915 :: 		
0x01FC	0x5E03      	SUBWF       R3, 1, 0
;__Lib_MathDouble.c,1916 :: 		
0x01FE	0xAE03      	BTFSS       R3, 7, 0
;__Lib_MathDouble.c,1917 :: 		
0x0200	0xF001EF3F  	GOTO        SETIOV16
;__Lib_MathDouble.c,1918 :: 		
0x0204	0x6C03      	NEGF        R3, 0
;__Lib_MathDouble.c,1920 :: 		
0x0206	0x0E08      	MOVLW       8
;__Lib_MathDouble.c,1921 :: 		
0x0208	0x5C03      	SUBWF       R3, 0, 0
;__Lib_MathDouble.c,1922 :: 		
0x020A	0xA0D8      	BTFSS       STATUS, 0, 0
;__Lib_MathDouble.c,1923 :: 		
0x020C	0xF001EF1A  	GOTO        TSHIFT3216
;__Lib_MathDouble.c,1924 :: 		
0x0210	0x6E03      	MOVWF       R3, 0
;__Lib_MathDouble.c,1925 :: 		
0x0212	0x3601      	RLCF        R1, 1, 0
;__Lib_MathDouble.c,1926 :: 		
0x0214	0xF001C002  	MOVFF       R2, R1
;__Lib_MathDouble.c,1927 :: 		
0x0218	0x6A02      	CLRF        R2, 0
;__Lib_MathDouble.c,1929 :: 		
0x021A	0x0E08      	MOVLW       8
;__Lib_MathDouble.c,1930 :: 		
0x021C	0x5C03      	SUBWF       R3, 0, 0
;__Lib_MathDouble.c,1931 :: 		
0x021E	0xA0D8      	BTFSS       STATUS, 0, 0
;__Lib_MathDouble.c,1932 :: 		
0x0220	0xF001EF1A  	GOTO        TSHIFT3216
;__Lib_MathDouble.c,1933 :: 		
0x0224	0x6E03      	MOVWF       R3, 0
;__Lib_MathDouble.c,1934 :: 		
0x0226	0x3601      	RLCF        R1, 1, 0
;__Lib_MathDouble.c,1935 :: 		
0x0228	0x6A01      	CLRF        R1, 0
;__Lib_MathDouble.c,1937 :: 		
0x022A	0x5003      	MOVF        R3, 0, 0
;__Lib_MathDouble.c,1938 :: 		
0x022C	0xA4D8      	BTFSS       STATUS, 2, 0
;__Lib_MathDouble.c,1939 :: 		
0x022E	0x90D8      	BCF         STATUS, 0, 0
;__Lib_MathDouble.c,1940 :: 		
0x0230	0xF001EF24  	GOTO        SHIFT3216OK
;__Lib_MathDouble.c,1941 :: 		
TSHIFT3216:
;__Lib_MathDouble.c,1942 :: 		
0x0234	0x5003      	MOVF        R3, 0, 0
;__Lib_MathDouble.c,1943 :: 		
0x0236	0xB4D8      	BTFSC       STATUS, 2, 0
;__Lib_MathDouble.c,1944 :: 		
0x0238	0xF001EF24  	GOTO        SHIFT3216OK
;__Lib_MathDouble.c,1945 :: 		
SHIFT3216:
;__Lib_MathDouble.c,1946 :: 		
0x023C	0x90D8      	BCF         STATUS, 0, 0
;__Lib_MathDouble.c,1947 :: 		
0x023E	0x3202      	RRCF        R2, 1, 0
;__Lib_MathDouble.c,1948 :: 		
0x0240	0x3201      	RRCF        R1, 1, 0
;__Lib_MathDouble.c,1949 :: 		
0x0242	0x2E03      	DECFSZ      R3, 1, 0
;__Lib_MathDouble.c,1950 :: 		
0x0244	0xF001EF1E  	GOTO        SHIFT3216
;__Lib_MathDouble.c,1951 :: 		
SHIFT3216OK:
;__Lib_MathDouble.c,1952 :: 		
0x0248	0xBC0B      	BTFSC       R11, 6, 0
;__Lib_MathDouble.c,1953 :: 		
0x024A	0xA001      	BTFSS       R1, 0, 0
;__Lib_MathDouble.c,1954 :: 		
0x024C	0xF001EF31  	GOTO        INT3216OK
;__Lib_MathDouble.c,1955 :: 		
0x0250	0xA0D8      	BTFSS       STATUS, 0, 0
;__Lib_MathDouble.c,1956 :: 		
0x0252	0xF001EF31  	GOTO        INT3216OK
;__Lib_MathDouble.c,1957 :: 		
0x0256	0x2A01      	INCF        R1, 1, 0
;__Lib_MathDouble.c,1958 :: 		
0x0258	0xB4D8      	BTFSC       STATUS, 2, 0
;__Lib_MathDouble.c,1959 :: 		
0x025A	0x2A02      	INCF        R2, 1, 0
;__Lib_MathDouble.c,1960 :: 		
0x025C	0xBE02      	BTFSC       R2, 7, 0
;__Lib_MathDouble.c,1961 :: 		
0x025E	0xF001EF4E  	GOTO        JPJSETIOV3224
;__Lib_MathDouble.c,1962 :: 		
INT3216OK:
;__Lib_MathDouble.c,1963 :: 		
0x0262	0xAE0A      	BTFSS       R10, 7, 0
;__Lib_MathDouble.c,1964 :: 		
0x0264	0xF001EF53  	GOTO        INT3216EOK
;__Lib_MathDouble.c,1966 :: 		
0x0268	0x1E02      	COMF        R2, 1, 0
;__Lib_MathDouble.c,1967 :: 		
0x026A	0x1E01      	COMF        R1, 1, 0
;__Lib_MathDouble.c,1968 :: 		
0x026C	0x2A01      	INCF        R1, 1, 0
;__Lib_MathDouble.c,1969 :: 		
0x026E	0xB4D8      	BTFSC       STATUS, 2, 0
;__Lib_MathDouble.c,1970 :: 		
0x0270	0x2A02      	INCF        R2, 1, 0
;__Lib_MathDouble.c,1971 :: 		
0x0272	0xF001EF53  	GOTO        INT3216EOK
;__Lib_MathDouble.c,1973 :: 		
IRES016:
;__Lib_MathDouble.c,1974 :: 		
0x0276	0x6A02      	CLRF        R2, 0
;__Lib_MathDouble.c,1975 :: 		
0x0278	0x6A01      	CLRF        R1, 0
;__Lib_MathDouble.c,1976 :: 		
0x027A	0xF001EF53  	GOTO        INT3216EOK
;__Lib_MathDouble.c,1977 :: 		
SETIOV16:
;__Lib_MathDouble.c,1978 :: 		
0x027E	0x800B      	BSF         R11, 0, 0
;__Lib_MathDouble.c,1979 :: 		
0x0280	0xAE0B      	BTFSS       R11, 7, 0
;__Lib_MathDouble.c,1980 :: 		
0x0282	0xF001EF57  	GOTO        INT3216EER
;__Lib_MathDouble.c,1982 :: 		
0x0286	0x6A02      	CLRF        R2, 0
;__Lib_MathDouble.c,1983 :: 		
0x0288	0xAE0A      	BTFSS       R10, 7, 0
;__Lib_MathDouble.c,1984 :: 		
0x028A	0xF001EF57  	GOTO        INT3216EER
;__Lib_MathDouble.c,1985 :: 		
0x028E	0x0EFF      	MOVLW       255
;__Lib_MathDouble.c,1986 :: 		
0x0290	0x6E02      	MOVWF       R2, 0
;__Lib_MathDouble.c,1987 :: 		
0x0292	0x6E01      	MOVWF       R1, 0
;__Lib_MathDouble.c,1988 :: 		
0x0294	0x360A      	RLCF        R10, 1, 0
;__Lib_MathDouble.c,1989 :: 		
0x0296	0x3202      	RRCF        R2, 1, 0
;__Lib_MathDouble.c,1990 :: 		
0x0298	0xF001EF57  	GOTO        INT3216EER
;__Lib_MathDouble.c,1992 :: 		
JPJSETIOV3224:
;__Lib_MathDouble.c,1993 :: 		
0x029C	0x0E01      	MOVLW       1
;__Lib_MathDouble.c,1994 :: 		
0x029E	0x6E0C      	MOVWF       R12, 0
;__Lib_MathDouble.c,1996 :: 		
0x02A0	0xDF48      	RCALL       _SETIOV3224
;__Lib_MathDouble.c,1998 :: 		
0x02A2	0xF001EF59  	GOTO        INT3216EEE
;__Lib_MathDouble.c,1999 :: 		
INT3216EOK:
;__Lib_MathDouble.c,2000 :: 		
0x02A6	0x0E00      	MOVLW       0
;__Lib_MathDouble.c,2001 :: 		
0x02A8	0x6E0C      	MOVWF       R12, 0
;__Lib_MathDouble.c,2002 :: 		
0x02AA	0xF001EF59  	GOTO        INT3216EEE
;__Lib_MathDouble.c,2003 :: 		
INT3216EER:
;__Lib_MathDouble.c,2004 :: 		
0x02AE	0x0EFF      	MOVLW       255
;__Lib_MathDouble.c,2005 :: 		
0x02B0	0x6E0C      	MOVWF       R12, 0
;__Lib_MathDouble.c,2006 :: 		
INT3216EEE:
;__Lib_MathDouble.c,2007 :: 		
0x02B2	0x5001      	MOVF        R1, 0, 0
;__Lib_MathDouble.c,2008 :: 		
0x02B4	0x6E00      	MOVWF       R0, 0
;__Lib_MathDouble.c,2009 :: 		
0x02B6	0x5002      	MOVF        R2, 0, 0
;__Lib_MathDouble.c,2010 :: 		
0x02B8	0x6E01      	MOVWF       R1, 0
;__Lib_MathDouble.c,2015 :: 		
L_end_double2int:
0x02BA	0x0012      	RETURN      0
; end of _double2int
_Div_32x32_FP:
;__Lib_MathDouble.c,1325 :: 		
;__Lib_MathDouble.c,1339 :: 		
0x02BC	0x5004      	MOVF        R4, 0 
0x02BE	0x0A00      	XORLW       0
0x02C0	0xE112      	BNZ         L_Div_32x32_FP11
;__Lib_MathDouble.c,1340 :: 		
0x02C2	0x5005      	MOVF        R5, 0 
0x02C4	0x0A00      	XORLW       0
0x02C6	0xE10F      	BNZ         L_Div_32x32_FP12
;__Lib_MathDouble.c,1341 :: 		
0x02C8	0x5006      	MOVF        R6, 0 
0x02CA	0x0A00      	XORLW       0
0x02CC	0xE10C      	BNZ         L_Div_32x32_FP13
;__Lib_MathDouble.c,1342 :: 		
0x02CE	0x5007      	MOVF        R7, 0 
0x02D0	0x0A00      	XORLW       0
0x02D2	0xE109      	BNZ         L_Div_32x32_FP14
;__Lib_MathDouble.c,1343 :: 		
0x02D4	0x0EFF      	MOVLW       255
0x02D6	0x6E00      	MOVWF       R0 
;__Lib_MathDouble.c,1344 :: 		
0x02D8	0x0EFF      	MOVLW       255
0x02DA	0x6E01      	MOVWF       R1 
;__Lib_MathDouble.c,1345 :: 		
0x02DC	0x0E7F      	MOVLW       127
0x02DE	0x6E02      	MOVWF       R2 
;__Lib_MathDouble.c,1346 :: 		
0x02E0	0x0EFF      	MOVLW       255
0x02E2	0x6E03      	MOVWF       R3 
;__Lib_MathDouble.c,1347 :: 		
0x02E4	0xD0A4      	BRA         L_end_Div_32x32_FP
;__Lib_MathDouble.c,1348 :: 		
L_Div_32x32_FP14:
L_Div_32x32_FP13:
L_Div_32x32_FP12:
L_Div_32x32_FP11:
;__Lib_MathDouble.c,1353 :: 		
0x02E6	0x6A08      	CLRF        R8, 0
;__Lib_MathDouble.c,1354 :: 		
0x02E8	0x6A09      	CLRF        R9, 0
;__Lib_MathDouble.c,1356 :: 		
0x02EA	0x5007      	MOVF        R7, 0, 0
;__Lib_MathDouble.c,1357 :: 		
0x02EC	0xB4D8      	BTFSC       STATUS, 2, 0
;__Lib_MathDouble.c,1358 :: 		
0x02EE	0xF002EF09  	GOTO        JPDSETFDZ32
;__Lib_MathDouble.c,1360 :: 		
0x02F2	0x5003      	MOVF        R3, 0, 0
;__Lib_MathDouble.c,1361 :: 		
0x02F4	0xB4D8      	BTFSC       STATUS, 2, 0
;__Lib_MathDouble.c,1362 :: 		
0x02F6	0xF002EF0D  	GOTO        JPDRES032
;__Lib_MathDouble.c,1364 :: 		
0x02FA	0x5002      	MOVF        R2, 0, 0
;__Lib_MathDouble.c,1365 :: 		
0x02FC	0x1806      	XORWF       R6, 0, 0
;__Lib_MathDouble.c,1366 :: 		
0x02FE	0x6E0A      	MOVWF       R10, 0
;__Lib_MathDouble.c,1367 :: 		
0x0300	0x8E02      	BSF         R2, 7, 0
;__Lib_MathDouble.c,1368 :: 		
0x0302	0x8E06      	BSF         R6, 7, 0
;__Lib_MathDouble.c,1370 :: 		
0x0304	0x6A0E      	CLRF        R14, 0
;__Lib_MathDouble.c,1371 :: 		
0x0306	0xF008C002  	MOVFF       R2, R8
;__Lib_MathDouble.c,1372 :: 		
0x030A	0xF00CC001  	MOVFF       R1, R12
;__Lib_MathDouble.c,1373 :: 		
0x030E	0xF00DC000  	MOVFF       R0, R13
;__Lib_MathDouble.c,1375 :: 		
0x0312	0x5004      	MOVF        R4, 0, 0
;__Lib_MathDouble.c,1376 :: 		
0x0314	0x5E0D      	SUBWF       R13, 1, 0
;__Lib_MathDouble.c,1377 :: 		
0x0316	0x5005      	MOVF        R5, 0, 0
;__Lib_MathDouble.c,1378 :: 		
0x0318	0xA0D8      	BTFSS       STATUS, 0, 0
;__Lib_MathDouble.c,1379 :: 		
0x031A	0x3C05      	INCFSZ      R5, 0, 0
;__Lib_MathDouble.c,1381 :: 		
0x031C	0x5E0C      	SUBWF       R12, 1, 0
;__Lib_MathDouble.c,1382 :: 		
0x031E	0x5006      	MOVF        R6, 0, 0
;__Lib_MathDouble.c,1383 :: 		
0x0320	0xA0D8      	BTFSS       STATUS, 0, 0
;__Lib_MathDouble.c,1384 :: 		
0x0322	0x3C06      	INCFSZ      R6, 0, 0
;__Lib_MathDouble.c,1386 :: 		
0x0324	0x5E08      	SUBWF       R8, 1, 0
;__Lib_MathDouble.c,1387 :: 		
0x0326	0x6A08      	CLRF        R8, 0
;__Lib_MathDouble.c,1388 :: 		
0x0328	0x6A0C      	CLRF        R12, 0
;__Lib_MathDouble.c,1389 :: 		
0x032A	0x6A0D      	CLRF        R13, 0
;__Lib_MathDouble.c,1390 :: 		
0x032C	0xA0D8      	BTFSS       STATUS, 0, 0
;__Lib_MathDouble.c,1391 :: 		
0x032E	0xF001EFA0  	GOTO        DALIGN32OK
;__Lib_MathDouble.c,1393 :: 		
0x0332	0x90D8      	BCF         STATUS, 0, 0
;__Lib_MathDouble.c,1394 :: 		
0x0334	0x3202      	RRCF        R2, 1, 0
;__Lib_MathDouble.c,1395 :: 		
0x0336	0x3201      	RRCF        R1, 1, 0
;__Lib_MathDouble.c,1396 :: 		
0x0338	0x3200      	RRCF        R0, 1, 0
;__Lib_MathDouble.c,1397 :: 		
0x033A	0x3208      	RRCF        R8, 1, 0
;__Lib_MathDouble.c,1398 :: 		
0x033C	0x0E01      	MOVLW       1
;__Lib_MathDouble.c,1399 :: 		
0x033E	0x6E0E      	MOVWF       R14, 0
;__Lib_MathDouble.c,1400 :: 		
DALIGN32OK:
;__Lib_MathDouble.c,1401 :: 		
0x0340	0x5007      	MOVF        R7, 0, 0
;__Lib_MathDouble.c,1402 :: 		
0x0342	0x5E03      	SUBWF       R3, 1, 0
;__Lib_MathDouble.c,1403 :: 		
0x0344	0xA0D8      	BTFSS       STATUS, 0, 0
;__Lib_MathDouble.c,1404 :: 		
0x0346	0xF001EFAD  	GOTO        ALTB32
;__Lib_MathDouble.c,1406 :: 		
0x034A	0x0E7E      	MOVLW       126
;__Lib_MathDouble.c,1407 :: 		
0x034C	0x240E      	ADDWF       R14, 0, 0
;__Lib_MathDouble.c,1408 :: 		
0x034E	0x2603      	ADDWF       R3, 1, 0
;__Lib_MathDouble.c,1409 :: 		
0x0350	0xB0D8      	BTFSC       STATUS, 0, 0
;__Lib_MathDouble.c,1410 :: 		
0x0352	0xF002EF11  	GOTO        JPDSETFOV32
;__Lib_MathDouble.c,1411 :: 		
0x0356	0xF001EFB3  	GOTO        DARGOK32
;__Lib_MathDouble.c,1412 :: 		
ALTB32:
;__Lib_MathDouble.c,1413 :: 		
0x035A	0x0E7E      	MOVLW       126
;__Lib_MathDouble.c,1414 :: 		
0x035C	0x240E      	ADDWF       R14, 0, 0
;__Lib_MathDouble.c,1415 :: 		
0x035E	0x2603      	ADDWF       R3, 1, 0
;__Lib_MathDouble.c,1416 :: 		
0x0360	0xA0D8      	BTFSS       STATUS, 0, 0
;__Lib_MathDouble.c,1417 :: 		
0x0362	0xF002EF15  	GOTO        JPDSETFUN32
;__Lib_MathDouble.c,1418 :: 		
DARGOK32:
;__Lib_MathDouble.c,1419 :: 		
0x0366	0x0E18      	MOVLW       24
;__Lib_MathDouble.c,1420 :: 		
0x0368	0x6E0B      	MOVWF       R11, 0
;__Lib_MathDouble.c,1421 :: 		
DLOOP32:
;__Lib_MathDouble.c,1422 :: 		
0x036A	0x360D      	RLCF        R13, 1, 0
;__Lib_MathDouble.c,1423 :: 		
0x036C	0x360C      	RLCF        R12, 1, 0
;__Lib_MathDouble.c,1424 :: 		
0x036E	0x3608      	RLCF        R8, 1, 0
;__Lib_MathDouble.c,1425 :: 		
0x0370	0x3600      	RLCF        R0, 1, 0
;__Lib_MathDouble.c,1426 :: 		
0x0372	0x3601      	RLCF        R1, 1, 0
;__Lib_MathDouble.c,1427 :: 		
0x0374	0x3602      	RLCF        R2, 1, 0
;__Lib_MathDouble.c,1428 :: 		
0x0376	0x360E      	RLCF        R14, 1, 0
;__Lib_MathDouble.c,1430 :: 		
0x0378	0x5004      	MOVF        R4, 0, 0
;__Lib_MathDouble.c,1431 :: 		
0x037A	0x5E00      	SUBWF       R0, 1, 0
;__Lib_MathDouble.c,1432 :: 		
0x037C	0x5005      	MOVF        R5, 0, 0
;__Lib_MathDouble.c,1433 :: 		
0x037E	0xA0D8      	BTFSS       STATUS, 0, 0
;__Lib_MathDouble.c,1434 :: 		
0x0380	0x3C05      	INCFSZ      R5, 0, 0
;__Lib_MathDouble.c,1436 :: 		
0x0382	0x5E01      	SUBWF       R1, 1, 0
;__Lib_MathDouble.c,1437 :: 		
0x0384	0x5006      	MOVF        R6, 0, 0
;__Lib_MathDouble.c,1438 :: 		
0x0386	0xA0D8      	BTFSS       STATUS, 0, 0
;__Lib_MathDouble.c,1439 :: 		
0x0388	0x3C06      	INCFSZ      R6, 0, 0
;__Lib_MathDouble.c,1441 :: 		
0x038A	0x5E02      	SUBWF       R2, 1, 0
;__Lib_MathDouble.c,1442 :: 		
0x038C	0x3406      	RLCF        R6, 0, 0
;__Lib_MathDouble.c,1443 :: 		
0x038E	0x120E      	IORWF       R14, 1, 0
;__Lib_MathDouble.c,1444 :: 		
0x0390	0xA00E      	BTFSS       R14, 0, 0
;__Lib_MathDouble.c,1445 :: 		
0x0392	0xF001EFCE  	GOTO        DREST32
;__Lib_MathDouble.c,1446 :: 		
0x0396	0x800D      	BSF         R13, 0, 0
;__Lib_MathDouble.c,1447 :: 		
0x0398	0xF001EFD9  	GOTO        DOK32
;__Lib_MathDouble.c,1448 :: 		
DREST32:
;__Lib_MathDouble.c,1449 :: 		
0x039C	0x5004      	MOVF        R4, 0, 0
;__Lib_MathDouble.c,1450 :: 		
0x039E	0x2600      	ADDWF       R0, 1, 0
;__Lib_MathDouble.c,1451 :: 		
0x03A0	0x5005      	MOVF        R5, 0, 0
;__Lib_MathDouble.c,1452 :: 		
0x03A2	0xB0D8      	BTFSC       STATUS, 0, 0
;__Lib_MathDouble.c,1453 :: 		
0x03A4	0x3C05      	INCFSZ      R5, 0, 0
;__Lib_MathDouble.c,1455 :: 		
0x03A6	0x2601      	ADDWF       R1, 1, 0
;__Lib_MathDouble.c,1456 :: 		
0x03A8	0x5006      	MOVF        R6, 0, 0
;__Lib_MathDouble.c,1457 :: 		
0x03AA	0xB0D8      	BTFSC       STATUS, 0, 0
;__Lib_MathDouble.c,1458 :: 		
0x03AC	0x2806      	INCF        R6, 0, 0
;__Lib_MathDouble.c,1459 :: 		
0x03AE	0x2602      	ADDWF       R2, 1, 0
;__Lib_MathDouble.c,1460 :: 		
0x03B0	0x900D      	BCF         R13, 0, 0
;__Lib_MathDouble.c,1461 :: 		
DOK32:
;__Lib_MathDouble.c,1462 :: 		
0x03B2	0x2E0B      	DECFSZ      R11, 1, 0
;__Lib_MathDouble.c,1463 :: 		
0x03B4	0xF001EFB5  	GOTO        DLOOP32
;__Lib_MathDouble.c,1467 :: 		
0x03B8	0xF001EFFF  	GOTO        DIV32OK
;__Lib_MathDouble.c,1468 :: 		
0x03BC	0x90D8      	BCF         STATUS, 0, 0
;__Lib_MathDouble.c,1469 :: 		
0x03BE	0x3600      	RLCF        R0, 1, 0
;__Lib_MathDouble.c,1470 :: 		
0x03C0	0x3601      	RLCF        R1, 1, 0
;__Lib_MathDouble.c,1471 :: 		
0x03C2	0x3602      	RLCF        R2, 1, 0
;__Lib_MathDouble.c,1472 :: 		
0x03C4	0x360E      	RLCF        R14, 1, 0
;__Lib_MathDouble.c,1474 :: 		
0x03C6	0x5004      	MOVF        R4, 0, 0
;__Lib_MathDouble.c,1475 :: 		
0x03C8	0x5E00      	SUBWF       R0, 1, 0
;__Lib_MathDouble.c,1476 :: 		
0x03CA	0x5005      	MOVF        R5, 0, 0
;__Lib_MathDouble.c,1477 :: 		
0x03CC	0xA0D8      	BTFSS       STATUS, 0, 0
;__Lib_MathDouble.c,1478 :: 		
0x03CE	0x3C05      	INCFSZ      R5, 0, 0
;__Lib_MathDouble.c,1479 :: 		
0x03D0	0x5E01      	SUBWF       R1, 1, 0
;__Lib_MathDouble.c,1480 :: 		
0x03D2	0x5006      	MOVF        R6, 0, 0
;__Lib_MathDouble.c,1481 :: 		
0x03D4	0xA0D8      	BTFSS       STATUS, 0, 0
;__Lib_MathDouble.c,1482 :: 		
0x03D6	0x3C06      	INCFSZ      R6, 0, 0
;__Lib_MathDouble.c,1483 :: 		
0x03D8	0x5E02      	SUBWF       R2, 1, 0
;__Lib_MathDouble.c,1484 :: 		
0x03DA	0x3406      	RLCF        R6, 0, 0
;__Lib_MathDouble.c,1485 :: 		
0x03DC	0x100E      	IORWF       R14, 0, 0
;__Lib_MathDouble.c,1486 :: 		
0x03DE	0x0B01      	ANDLW       1
;__Lib_MathDouble.c,1487 :: 		
0x03E0	0x260D      	ADDWF       R13, 1, 0
;__Lib_MathDouble.c,1488 :: 		
0x03E2	0xB0D8      	BTFSC       STATUS, 0, 0
;__Lib_MathDouble.c,1489 :: 		
0x03E4	0x2A0C      	INCF        R12, 1, 0
;__Lib_MathDouble.c,1490 :: 		
0x03E6	0xB4D8      	BTFSC       STATUS, 2, 0
;__Lib_MathDouble.c,1491 :: 		
0x03E8	0x2A08      	INCF        R8, 1, 0
;__Lib_MathDouble.c,1492 :: 		
0x03EA	0xA4D8      	BTFSS       STATUS, 2, 0
;__Lib_MathDouble.c,1493 :: 		
0x03EC	0xF001EFFF  	GOTO        DIV32OK
;__Lib_MathDouble.c,1494 :: 		
0x03F0	0x3208      	RRCF        R8, 1, 0
;__Lib_MathDouble.c,1495 :: 		
0x03F2	0x320C      	RRCF        R12, 1, 0
;__Lib_MathDouble.c,1496 :: 		
0x03F4	0x320D      	RRCF        R13, 1, 0
;__Lib_MathDouble.c,1497 :: 		
0x03F6	0x2A03      	INCF        R3, 1, 0
;__Lib_MathDouble.c,1498 :: 		
0x03F8	0xB4D8      	BTFSC       STATUS, 2, 0
;__Lib_MathDouble.c,1499 :: 		
0x03FA	0xF002EF11  	GOTO        JPDSETFOV32
;__Lib_MathDouble.c,1500 :: 		
DIV32OK:
;__Lib_MathDouble.c,1501 :: 		
0x03FE	0xAE0A      	BTFSS       R10, 7, 0
;__Lib_MathDouble.c,1502 :: 		
0x0400	0x9E08      	BCF         R8, 7, 0
;__Lib_MathDouble.c,1503 :: 		
0x0402	0x5008      	MOVF        R8, 0, 0
;__Lib_MathDouble.c,1504 :: 		
0x0404	0x6E02      	MOVWF       R2, 0
;__Lib_MathDouble.c,1505 :: 		
0x0406	0x500C      	MOVF        R12, 0, 0
;__Lib_MathDouble.c,1506 :: 		
0x0408	0x6E01      	MOVWF       R1, 0
;__Lib_MathDouble.c,1507 :: 		
0x040A	0x500D      	MOVF        R13, 0, 0
;__Lib_MathDouble.c,1508 :: 		
0x040C	0x6E00      	MOVWF       R0, 0
;__Lib_MathDouble.c,1511 :: 		
0x040E	0xF002EF17  	GOTO        DIV32EEE
;__Lib_MathDouble.c,1512 :: 		
JPDSETFDZ32:
;__Lib_MathDouble.c,1513 :: 		
0x0412	0x0E01      	MOVLW       1
;__Lib_MathDouble.c,1516 :: 		
0x0414	0xDE9C      	RCALL       _SETFDZ32
;__Lib_MathDouble.c,1518 :: 		
0x0416	0xF002EF17  	GOTO        DIV32EEE
;__Lib_MathDouble.c,1519 :: 		
JPDRES032:
;__Lib_MathDouble.c,1520 :: 		
0x041A	0x0E02      	MOVLW       2
;__Lib_MathDouble.c,1523 :: 		
0x041C	0xDDFF      	RCALL       _RES032
;__Lib_MathDouble.c,1525 :: 		
0x041E	0xF002EF17  	GOTO        DIV32EEE
;__Lib_MathDouble.c,1526 :: 		
JPDSETFOV32:
;__Lib_MathDouble.c,1527 :: 		
0x0422	0x0E04      	MOVLW       4
;__Lib_MathDouble.c,1530 :: 		
0x0424	0xDE7A      	RCALL       _SETFOV32
;__Lib_MathDouble.c,1532 :: 		
0x0426	0xF002EF17  	GOTO        DIV32EEE
;__Lib_MathDouble.c,1533 :: 		
JPDSETFUN32:
;__Lib_MathDouble.c,1534 :: 		
0x042A	0x0E08      	MOVLW       8
;__Lib_MathDouble.c,1537 :: 		
0x042C	0xDDFE      	RCALL       _SETFUN32
;__Lib_MathDouble.c,1539 :: 		
DIV32EEE:
;__Lib_MathDouble.c,1547 :: 		
L_end_Div_32x32_FP:
0x042E	0x0012      	RETURN      0
; end of _Div_32x32_FP
_ADC_Read:
;__Lib_ADC_K22_B.c,70 :: 		
;__Lib_ADC_K22_B.c,73 :: 		
0x0430	0x6AC2      	CLRF        ADCON0 
;__Lib_ADC_K22_B.c,74 :: 		
0x0432	0x1C15      	COMF        _vref_mask, 0 
0x0434	0x6E00      	MOVWF       R0 
0x0436	0x5000      	MOVF        R0, 0 
0x0438	0x16C1      	ANDWF       ADCON1, 1 
;__Lib_ADC_K22_B.c,75 :: 		
0x043A	0x0E0F      	MOVLW       15
0x043C	0x12C0      	IORWF       ADCON2, 1 
;__Lib_ADC_K22_B.c,76 :: 		
0x043E	0x8EC0      	BSF         ADCON2, 7 
;__Lib_ADC_K22_B.c,77 :: 		
0x0440	0xF000C040  	MOVFF       FARG_ADC_Read_channel, R0
0x0444	0x3600      	RLCF        R0, 1 
0x0446	0x9000      	BCF         R0, 0 
0x0448	0x3600      	RLCF        R0, 1 
0x044A	0x9000      	BCF         R0, 0 
0x044C	0x5000      	MOVF        R0, 0 
0x044E	0x12C2      	IORWF       ADCON0, 1 
;__Lib_ADC_K22_B.c,78 :: 		
0x0450	0x80C2      	BSF         ADCON0, 0 
;__Lib_ADC_K22_B.c,79 :: 		
0x0452	0xDE24      	RCALL       _Delay_22us
;__Lib_ADC_K22_B.c,80 :: 		
0x0454	0x82C2      	BSF         ADCON0, 1 
;__Lib_ADC_K22_B.c,81 :: 		
L_ADC_Read7:
0x0456	0xA2C2      	BTFSS       ADCON0, 1 
0x0458	0xD001      	BRA         L_ADC_Read8
;__Lib_ADC_K22_B.c,82 :: 		
0x045A	0xD7FD      	BRA         L_ADC_Read7
L_ADC_Read8:
;__Lib_ADC_K22_B.c,83 :: 		
0x045C	0xF001CFC4  	MOVFF       ADRESH, R1
0x0460	0x6A00      	CLRF        R0 
0x0462	0xF041C000  	MOVFF       R0, ADC_Read_rslt_L0
0x0466	0xF042C001  	MOVFF       R1, ADC_Read_rslt_L0+1
;__Lib_ADC_K22_B.c,84 :: 		
0x046A	0x50C3      	MOVF        ADRESL, 0 
0x046C	0x1200      	IORWF       R0, 1 
0x046E	0x0E00      	MOVLW       0
0x0470	0x1201      	IORWF       R1, 1 
0x0472	0xF041C000  	MOVFF       R0, ADC_Read_rslt_L0
0x0476	0xF042C001  	MOVFF       R1, ADC_Read_rslt_L0+1
;__Lib_ADC_K22_B.c,85 :: 		
0x047A	0x90C2      	BCF         ADCON0, 0 
;__Lib_ADC_K22_B.c,86 :: 		
0x047C	0x0E00      	MOVLW       0
0x047E	0x1400      	ANDWF       R0, 0 
0x0480	0x6E02      	MOVWF       R2 
0x0482	0x5001      	MOVF        R1, 0 
0x0484	0x0B80      	ANDLW       128
0x0486	0x6E03      	MOVWF       R3 
0x0488	0x0E00      	MOVLW       0
0x048A	0x1803      	XORWF       R3, 0 
0x048C	0xE102      	BNZ         L__ADC_Read15
0x048E	0x0E00      	MOVLW       0
0x0490	0x1802      	XORWF       R2, 0 
L__ADC_Read15:
0x0492	0xE002      	BZ          L_ADC_Read9
;__Lib_ADC_K22_B.c,87 :: 		
0x0494	0x6A41      	CLRF        ADC_Read_rslt_L0 
0x0496	0x6A42      	CLRF        ADC_Read_rslt_L0+1 
L_ADC_Read9:
;__Lib_ADC_K22_B.c,88 :: 		
0x0498	0xF000C041  	MOVFF       ADC_Read_rslt_L0, R0
0x049C	0xF001C042  	MOVFF       ADC_Read_rslt_L0+1, R1
;__Lib_ADC_K22_B.c,89 :: 		
L_end_ADC_Read:
0x04A0	0x0012      	RETURN      0
; end of _ADC_Read
_word2double:
;__Lib_MathDouble.c,2335 :: 		
;__Lib_MathDouble.c,2344 :: 		
0x04A2	0x5000      	MOVF        R0, 0, 0
;__Lib_MathDouble.c,2345 :: 		
0x04A4	0x6E08      	MOVWF       R8, 0
;__Lib_MathDouble.c,2346 :: 		
0x04A6	0x5001      	MOVF        R1, 0, 0
;__Lib_MathDouble.c,2347 :: 		
0x04A8	0x6E00      	MOVWF       R0, 0
;__Lib_MathDouble.c,2348 :: 		
0x04AA	0x6A01      	CLRF        R1, 0
;__Lib_MathDouble.c,2349 :: 		
0x04AC	0x6A02      	CLRF        R2, 0
;__Lib_MathDouble.c,2350 :: 		
0x04AE	0x6A03      	CLRF        R3, 0
;__Lib_MathDouble.c,2353 :: 		
0x04B0	0x6A0B      	CLRF        R11, 0
;__Lib_MathDouble.c,2354 :: 		
0x04B2	0x6A0C      	CLRF        R12, 0
;__Lib_MathDouble.c,2356 :: 		
0x04B4	0x0E96      	MOVLW       150
;__Lib_MathDouble.c,2357 :: 		
0x04B6	0x6E03      	MOVWF       R3, 0
;__Lib_MathDouble.c,2358 :: 		
0x04B8	0x6A0A      	CLRF        R10, 0
;__Lib_MathDouble.c,2360 :: 		
0x04BA	0xF001C000  	MOVFF       R0, R1
;__Lib_MathDouble.c,2361 :: 		
0x04BE	0xF000C008  	MOVFF       R8, R0
;__Lib_MathDouble.c,2362 :: 		
0x04C2	0x6A08      	CLRF        R8, 0
;__Lib_MathDouble.c,2363 :: 		
0x04C4	0x6A02      	CLRF        R2, 0
;__Lib_MathDouble.c,2365 :: 		
0x04C6	0xDDF0      	RCALL       _NRM3232
;__Lib_MathDouble.c,2366 :: 		
L_end_word2double:
0x04C8	0x0012      	RETURN      0
; end of _word2double
_main:
0x04CA	0xF002ECAC  	CALL        1368, 0
;pwmadc.c,5 :: 		void main() {
;pwmadc.c,6 :: 		OSCCON = 0x62;
0x04CE	0x0E62      	MOVLW       98
0x04D0	0x6ED3      	MOVWF       OSCCON 
;pwmadc.c,8 :: 		ANSELA = 0X02; // ra1 pin as analog
0x04D2	0x0E02      	MOVLW       2
0x04D4	0x010F      	MOVLB       15
0x04D6	0x6F38      	MOVWF       ANSELA, 1
;pwmadc.c,9 :: 		ANSELD = 0;
0x04D8	0x6B3B      	CLRF        ANSELD, 1
;pwmadc.c,10 :: 		TRISA.B1 = 1; // as input
0x04DA	0x8292      	BSF         TRISA, 1 
;pwmadc.c,11 :: 		TRISD = 0;
0x04DC	0x6A95      	CLRF        TRISD 
;pwmadc.c,12 :: 		PORTD = 0;
0x04DE	0x6A83      	CLRF        PORTD 
;pwmadc.c,14 :: 		PWM4_Init(5000);
0x04E0	0x80BA      	BSF         T2CON, 0, 0
0x04E2	0x92BA      	BCF         T2CON, 1, 0
0x04E4	0x0E63      	MOVLW       99
0x04E6	0x6EBB      	MOVWF       PR2, 0
0x04E8	0xDE7B      	RCALL       _PWM4_Init
;pwmadc.c,15 :: 		PWM4_Set_Duty(110);
0x04EA	0x0E6E      	MOVLW       110
0x04EC	0x6E40      	MOVWF       FARG_PWM4_Set_Duty_new_duty 
0x04EE	0xDE33      	RCALL       _PWM4_Set_Duty
;pwmadc.c,16 :: 		PWM4_Start();
0x04F0	0xDE69      	RCALL       _PWM4_Start
;pwmadc.c,19 :: 		do{
L_main0:
;pwmadc.c,21 :: 		adcresult = ADC_Read(1);
0x04F2	0x0E01      	MOVLW       1
0x04F4	0x6E40      	MOVWF       FARG_ADC_Read_channel 
0x04F6	0xDF9C      	RCALL       _ADC_Read
0x04F8	0xDFD4      	RCALL       _word2double
0x04FA	0xF016C000  	MOVFF       R0, _adcresult
0x04FE	0xF017C001  	MOVFF       R1, _adcresult+1
0x0502	0xF018C002  	MOVFF       R2, _adcresult+2
0x0506	0xF019C003  	MOVFF       R3, _adcresult+3
;pwmadc.c,22 :: 		bb = adcresult / 4;
0x050A	0x0E00      	MOVLW       0
0x050C	0x6E04      	MOVWF       R4 
0x050E	0x0E00      	MOVLW       0
0x0510	0x6E05      	MOVWF       R5 
0x0512	0x0E00      	MOVLW       0
0x0514	0x6E06      	MOVWF       R6 
0x0516	0x0E81      	MOVLW       129
0x0518	0x6E07      	MOVWF       R7 
0x051A	0xDED0      	RCALL       _Div_32x32_FP
0x051C	0xDE66      	RCALL       _double2int
0x051E	0xF01AC000  	MOVFF       R0, _bb
0x0522	0xF01BC001  	MOVFF       R1, _bb+1
;pwmadc.c,23 :: 		PWM4_Set_Duty(bb);
0x0526	0xF040C000  	MOVFF       R0, FARG_PWM4_Set_Duty_new_duty
0x052A	0xDE15      	RCALL       _PWM4_Set_Duty
;pwmadc.c,26 :: 		}while(1);
0x052C	0xD7E2      	BRA         L_main0
;pwmadc.c,28 :: 		}
L_end_main:
0x052E	0xD7FF      	BRA         $+0
; end of _main
0x0558	0xF015EE10  	LFSR        1, 21
0x055C	0x0E27      	MOVLW       39
0x055E	0x6E00      	MOVWF       R0 
0x0560	0x0E01      	MOVLW       1
0x0562	0x6E01      	MOVWF       R1 
0x0564	0x0E30      	MOVLW       48
0x0566	0x6EF6      	MOVWF       TBLPTR 
0x0568	0x0E05      	MOVLW       5
0x056A	0x6EF7      	MOVWF       TBLPTRH 
0x056C	0x0E00      	MOVLW       0
0x056E	0x6EF8      	MOVWF       TBLPTRU 
0x0570	0xF000ECE8  	CALL        464, 0
0x0574	0x0012      	RETURN      0
;__Lib_ADC_K22_B.c,0 :: ?ICS_vref_mask
0x0530	0x0F ;?ICS_vref_mask+0
; end of ?ICS_vref_mask
;pwmadc.c,0 :: ?ICS_adcresult
0x0531	0x0000 ;?ICS_adcresult+0
0x0533	0x0000 ;?ICS_adcresult+2
; end of ?ICS_adcresult
;pwmadc.c,0 :: ?ICS_bb
0x0535	0x0000 ;?ICS_bb+0
; end of ?ICS_bb
;__Lib_FT5XX6.c,0 :: ?ICS__Lib_FT5XX6_OrientPrototype2
0x0537	0x003E ;?ICS__Lib_FT5XX6_OrientPrototype2+0
0x0539	0x003F ;?ICS__Lib_FT5XX6_OrientPrototype2+2
0x053B	0x003C ;?ICS__Lib_FT5XX6_OrientPrototype2+4
0x053D	0x003D ;?ICS__Lib_FT5XX6_OrientPrototype2+6
; end of ?ICS__Lib_FT5XX6_OrientPrototype2
;__Lib_FT5XX6.c,0 :: ?ICS__Lib_FT5XX6_OrientPrototype3
0x053F	0x003D ;?ICS__Lib_FT5XX6_OrientPrototype3+0
0x0541	0x003E ;?ICS__Lib_FT5XX6_OrientPrototype3+2
0x0543	0x003F ;?ICS__Lib_FT5XX6_OrientPrototype3+4
0x0545	0x003C ;?ICS__Lib_FT5XX6_OrientPrototype3+6
; end of ?ICS__Lib_FT5XX6_OrientPrototype3
;__Lib_FT5XX6.c,0 :: ?ICS__Lib_FT5XX6_OrientPrototype1
0x0547	0x003F ;?ICS__Lib_FT5XX6_OrientPrototype1+0
0x0549	0x003C ;?ICS__Lib_FT5XX6_OrientPrototype1+2
0x054B	0x003D ;?ICS__Lib_FT5XX6_OrientPrototype1+4
0x054D	0x003E ;?ICS__Lib_FT5XX6_OrientPrototype1+6
; end of ?ICS__Lib_FT5XX6_OrientPrototype1
;__Lib_FT5XX6.c,0 :: ?ICS__Lib_FT5XX6_OrientPrototype0
0x054F	0x003C ;?ICS__Lib_FT5XX6_OrientPrototype0+0
0x0551	0x003D ;?ICS__Lib_FT5XX6_OrientPrototype0+2
0x0553	0x003E ;?ICS__Lib_FT5XX6_OrientPrototype0+4
0x0555	0x003F ;?ICS__Lib_FT5XX6_OrientPrototype0+6
; end of ?ICS__Lib_FT5XX6_OrientPrototype0
Symbol List:
//** Routines locations **
//ADDRESS    SIZE    PROCEDURE
//----------------------------------------------
0x001C      [14]    _RES032
0x002A      [26]    _SETFUN32
0x0044       [8]    _FIXSIGN32
0x004C      [80]    _Mul_16X16_U
0x009C      [12]    _Delay_22us
0x00A8     [114]    _NRM3232
0x011A      [24]    _SETFOV32
0x0132      [28]    _SETIOV3224
0x014E       [8]    _SETFDZ32
0x0156     [110]    _PWM4_Set_Duty
0x01C4      [12]    _PWM4_Start
0x01D0      [16]    ___CC2DW
0x01E0      [10]    _PWM4_Init
0x01EA     [210]    _double2int
0x02BC     [372]    _Div_32x32_FP
0x0430     [114]    _ADC_Read
0x04A2      [40]    _word2double
0x04CA     [102]    _main
//** Variables locations ** 
//ADDRESS    SIZE    VARIABLE
//----------------------------------------------
0x0000       [1]    UART2_Init_tmp_L0
0x0000       [1]    __Lib_SoftI2C_PutZerosToLATScl_temp_scl_L0
0x0000       [1]    R0
0x0000       [1]    __Lib_SoftI2C_PutZerosToLATSda_temp_sda_L0
0x0000       [1]    SPI1_Write_tmp_L0
0x0000       [1]    FLASH_Erase_64_SaveINTCON_L0
0x0000       [1]    UART1_Init_tmp_L0
0x0000       [1]    EEPROM_Write_SaveINTCON_L0
0x0000       [1]    SPI2_Write_tmp_L0
0x0001       [1]    FLASH_Write_64_i_L0
0x0001       [1]    __Lib_TFT_JPEG_FileRead_i_L0
0x0001       [1]    FLASH_Erase_Write_64_i_L0
0x0001       [1]    R1
0x0001       [1]    __Lib_PS2_Wait_Falling_nsample_L0
0x0001       [1]    __Lib_TFT_16bit_JPEG_FileReadBytes_Result_L0
0x0001       [1]    ispunct_rslt_L0
0x0001       [1]    __Lib_TFT_JPEG_FileReadBytes_Result_L0
0x0001       [1]    __Lib_TFT_16bit_JPEG_FileRead_i_L0
0x0001       [1]    UART2_Read___tmp_UART2_Read_L0
0x0001       [2]    FLASH_Read_N_Bytes_i_L0
0x0001       [1]    __Lib_Conversions_Adjust_Hex_tmp_L0
0x0001       [1]    UART1_Read___tmp_UART1_Read_L0
0x0002       [1]    R2
0x0002       [2]    strlen_cp_L0
0x0002       [1]    FLASH_Write_64_SaveINTCON_L0
0x0002       [2]    memcpy_dd_L0
0x0002       [2]    FT5XX6_GetGestureIndex_i_L0
0x0002       [2]    memset_pp_L0
0x0002       [2]    memchr_s_L0
0x0002       [1]    FLASH_Erase_Write_64_j_L0
0x0003       [2]    MM_TotalFreeMemSize_Tot_L0
0x0003       [1]    R3
0x0003       [1]    __Lib_Sprinti_?FLOC____Lib_Sprinti_Do_FillT29
0x0003       [1]    FLASH_Erase_Write_64_SaveINTCON_L0
0x0003       [2]    memmove_tt_L0
0x0003       [2]    Ltrim_original_L0
0x0003       [2]    __Lib_MmcFat16_f16_toInt_l_L0
0x0003       [1]    MM_Init_i_L0
0x0004       [2]    strncpy_cp_L0
0x0004       [2]    strncat_cp_L0
0x0004       [2]    __Lib_MemManager_MM_GetMemAlign_P_L0
0x0004       [2]    frexp_pom_L0
0x0004       [1]    R4
0x0004       [2]    strcpy_cp_L0
0x0004       [2]    strcat_cp_L0
0x0004       [2]    memcpy_ss_L0
0x0004       [1]    __Lib_Sprinti_?FLOC____Lib_Sprinti_Do_FillT40
0x0005       [2]    memmove_ff_L0
0x0005       [1]    R5
0x0005       [1]    MM_TotalFreeMemSize_i_L0
0x0005       [2]    LongIntToHex_input_half_L0
0x0005       [1]    __Lib_Sprinti_?FLOC____Lib_Sprinti_Do_FillT54
0x0005       [2]    LongWordToHex_input_half_L0
0x0005       [2]    Ltrim_p_L0
0x0006       [1]    __Lib_Sprinti_?FLOC____Lib_Sprinti_Do_FillT69
0x0006       [1]    __Lib_MemManager_MM_GetMemAlign_i_L0
0x0006       [1]    R6
0x0007       [1]    __Lib_TFT_JPEG_GenerateHuffmanTables_bLength_L0
0x0007       [1]    R7
0x0007       [1]    __Lib_TFT_16bit_JPEG_GenerateHuffmanTables_bLength_L0
0x0008       [1]    __Lib_TFT_JPEG_GenerateHuffmanTables_bTable_L0
0x0008       [1]    R8
0x0008       [1]    __Lib_TFT_16bit_JPEG_GenerateHuffmanTables_bTable_L0
0x0009       [1]    R9
0x0009       [4]    __Lib_MmcFat16_f16_toLong_l_L0
0x000A       [1]    R10
0x000B       [1]    R11
0x000C       [1]    R12
0x000D       [1]    R13
0x000E       [1]    R14
0x000F       [1]    R15
0x0010       [1]    R16
0x0011       [1]    R17
0x0012       [1]    R18
0x0013       [1]    R19
0x0014       [1]    R20
0x0015       [1]    _vref_mask
0x0016       [4]    _adcresult
0x001A       [2]    _bb
0x001C       [8]    __Lib_FT5XX6_OrientPrototype2
0x0024       [8]    __Lib_FT5XX6_OrientPrototype3
0x002C       [8]    __Lib_FT5XX6_OrientPrototype1
0x0034       [8]    __Lib_FT5XX6_OrientPrototype0
0x003C       [1]    _ft5xx6_gest_move_up
0x003D       [1]    _ft5xx6_gest_move_right
0x003E       [1]    _ft5xx6_gest_move_down
0x003F       [1]    _ft5xx6_gest_move_left
0x0040       [1]    FARG_ADC_Read_channel
0x0040       [1]    FARG_PWM4_Set_Duty_new_duty
0x0040       [4]    FARG_PWM4_Init_PWM_Freq
0x0041       [2]    ADC_Read_rslt_L0
0x0F38       [1]    ANSELA
0x0F3B       [1]    ANSELD
0x0F57       [1]    CCP4CON
0x0F58       [1]    CCPR4L
0x0F83       [1]    PORTD
0x0F92       [1]    TRISA
0x0F95       [1]    TRISD
0x0F95       [0]    TRISD1_bit
0x0FBA       [1]    T2CON
0x0FBB       [1]    PR2
0x0FC0       [1]    ADCON2
0x0FC1       [1]    ADCON1
0x0FC2       [1]    ADCON0
0x0FC3       [1]    ADRESL
0x0FC4       [1]    ADRESH
0x0FD3       [1]    OSCCON
0x0FD8       [1]    STATUS
0x0FD9       [1]    FSR2L
0x0FDA       [1]    FSR2H
0x0FDE       [1]    POSTINC2
0x0FE0       [1]    BSR
0x0FE1       [1]    FSR1L
0x0FE2       [1]    FSR1H
0x0FE4       [1]    PREINC1
0x0FE6       [1]    POSTINC1
0x0FE7       [1]    INDF1
0x0FE8       [1]    WREG
0x0FE9       [1]    FSR0L
0x0FEA       [1]    FSR0H
0x0FEE       [1]    POSTINC0
0x0FF3       [1]    PRODL
0x0FF4       [1]    PRODH
0x0FF5       [1]    TABLAT
0x0FF6       [1]    TBLPTRL
0x0FF6       [3]    TBLPTR
0x0FF7       [1]    TBLPTRH
0x0FF8       [1]    TBLPTRU
//** Constants locations ** 
//ADDRESS    SIZE    CONSTANT
//----------------------------------------------
0x0530       [1]    ?ICS_vref_mask
0x0531       [4]    ?ICS_adcresult
0x0535       [2]    ?ICS_bb
0x0537       [8]    ?ICS__Lib_FT5XX6_OrientPrototype2
0x053F       [8]    ?ICS__Lib_FT5XX6_OrientPrototype3
0x0547       [8]    ?ICS__Lib_FT5XX6_OrientPrototype1
0x054F       [8]    ?ICS__Lib_FT5XX6_OrientPrototype0
